<?xml version="1.0" encoding="UTF-8"?>
<!-- Generated by org.testng.reporters.JUnitReportReporter -->
<testsuite hostname="LAPTOP-BIM2FR3V" failures="0" tests="1" name="Scenarios.handlingDynData" time="11.114" errors="0" timestamp="2024-07-27T03:59:12 IST" skipped="0">
  <testcase classname="Scenarios.handlingDynData" name="dynData" time="11.114"/>
</testsuite> <!-- Scenarios.handlingDynData -->
