<?xml version="1.0" encoding="UTF-8"?>
<!-- Generated by org.testng.reporters.JUnitReportReporter -->
<testsuite hostname="LAPTOP-BIM2FR3V" failures="0" tests="1" name="Scenarios.SwitchingWin" time="25.142" errors="0" timestamp="2024-07-27T03:59:12 IST" skipped="0">
  <testcase classname="Scenarios.SwitchingWin" name="switchWin" time="25.142"/>
</testsuite> <!-- Scenarios.SwitchingWin -->
