<?xml version="1.0" encoding="UTF-8"?>
<!-- Generated by org.testng.reporters.JUnitReportReporter -->
<testsuite hostname="LAPTOP-BIM2FR3V" failures="0" tests="1" name="testScenarios.SwitchingWindows" time="5.259" errors="0" timestamp="2025-08-19T22:59:12 IST" skipped="0">
  <testcase classname="testScenarios.SwitchingWindows" name="switchWin" time="5.259"/>
</testsuite> <!-- testScenarios.SwitchingWindows -->
