<?xml version="1.0" encoding="UTF-8"?>
<!-- Generated by org.testng.reporters.JUnitReportReporter -->
<testsuite hostname="LAPTOP-BIM2FR3V" failures="0" tests="2" name="testScenarios.MouseHoverActions" time="13.679" errors="0" timestamp="2025-08-19T22:59:12 IST" skipped="0">
  <testcase classname="testScenarios.MouseHoverActions" name="dragAndDrop" time="8.226"/>
  <testcase classname="testScenarios.MouseHoverActions" name="datePicker" time="5.453"/>
</testsuite> <!-- testScenarios.MouseHoverActions -->
