<?xml version="1.0" encoding="UTF-8"?>
<!-- Generated by org.testng.reporters.JUnitReportReporter -->
<testsuite hostname="LAPTOP-BIM2FR3V" failures="0" tests="1" name="Scenarios.MouseHover" time="9.578" errors="0" timestamp="2024-07-27T03:59:12 IST" skipped="0">
  <testcase classname="Scenarios.MouseHover" name="dynData" time="9.578"/>
</testsuite> <!-- Scenarios.MouseHover -->
