<?xml version="1.0" encoding="UTF-8"?>
<!-- Generated by org.testng.reporters.JUnitReportReporter -->
<testsuite hostname="LAPTOP-BIM2FR3V" failures="0" tests="1" name="testScenarios.CountLinks" time="2.571" errors="0" timestamp="2025-08-19T22:59:12 IST" skipped="0">
  <testcase classname="testScenarios.CountLinks" name="VerifyLinkUrls" time="2.571"/>
</testsuite> <!-- testScenarios.CountLinks -->
