<?xml version="1.0" encoding="UTF-8"?>
<!-- Generated by org.testng.reporters.JUnitReportReporter -->
<testsuite hostname="LAPTOP-BIM2FR3V" failures="0" tests="1" name="Scenarios.SwitchingWin" time="29.981" errors="0" timestamp="2024-07-31T04:05:09 IST" skipped="0">
  <testcase classname="Scenarios.SwitchingWin" name="switchWin" time="29.981"/>
</testsuite> <!-- Scenarios.SwitchingWin -->
