<?xml version="1.0" encoding="UTF-8"?>
<!-- Generated by org.testng.reporters.JUnitReportReporter -->
<testsuite hostname="LAPTOP-BIM2FR3V" failures="0" tests="1" name="Scenarios.MouseHover" time="9.661" errors="0" timestamp="2024-07-31T04:05:09 IST" skipped="0">
  <testcase classname="Scenarios.MouseHover" name="dynData" time="9.661"/>
</testsuite> <!-- Scenarios.MouseHover -->
