<?xml version="1.0" encoding="UTF-8"?>
<!-- Generated by org.testng.reporters.JUnitReportReporter -->
<testsuite hostname="LAPTOP-BIM2FR3V" failures="0" tests="1" name="testScenarios.DynDataHandling" time="14.386" errors="0" timestamp="2025-08-21T22:57:47 IST" skipped="0">
  <testcase classname="testScenarios.DynDataHandling" name="dynCalCaptcha" time="14.386"/>
</testsuite> <!-- testScenarios.DynDataHandling -->
