<?xml version="1.0" encoding="UTF-8"?>
<!-- Generated by org.testng.reporters.JUnitReportReporter -->
<testsuite hostname="LAPTOP-BIM2FR3V" failures="0" tests="1" name="Scenarios.handlingDynData" time="15.696" errors="0" timestamp="2024-07-31T04:05:09 IST" skipped="0">
  <testcase classname="Scenarios.handlingDynData" name="dynData" time="15.696"/>
</testsuite> <!-- Scenarios.handlingDynData -->
