<?xml version="1.0" encoding="UTF-8"?>
<!-- Generated by org.testng.reporters.JUnitReportReporter -->
<testsuite hostname="LAPTOP-BIM2FR3V" failures="0" tests="2" name="testScenarios.MouseHoverActions" time="17.314" errors="0" timestamp="2025-08-21T22:57:47 IST" skipped="0">
  <testcase classname="testScenarios.MouseHoverActions" name="dragAndDrop" time="9.723"/>
  <testcase classname="testScenarios.MouseHoverActions" name="datePicker" time="7.591"/>
</testsuite> <!-- testScenarios.MouseHoverActions -->
