<?xml version="1.0" encoding="UTF-8"?>
<!-- Generated by org.testng.reporters.JUnitReportReporter -->
<testsuite hostname="LAPTOP-BIM2FR3V" failures="0" tests="1" name="testScenarios.SwitchingWindows" time="9.119" errors="0" timestamp="2025-08-21T22:57:47 IST" skipped="0">
  <testcase classname="testScenarios.SwitchingWindows" name="switchWin" time="9.119"/>
</testsuite> <!-- testScenarios.SwitchingWindows -->
